f:\workspace\project\semanticretrieval\training\generatedfiles\release\moc_training.cpp
f:\workspace\project\semanticretrieval\training\generatedfiles\ui_training.h
f:\workspace\project\semanticretrieval\training\generatedfiles\release\moc_trainwidget.cpp
f:\workspace\project\semanticretrieval\training\generatedfiles\release\moc_generalconfig.cpp
f:\workspace\project\semanticretrieval\training\generatedfiles\release\moc_protofileeditor.cpp
f:\workspace\project\semanticretrieval\training\generatedfiles\release\moc_editorhighlighter.cpp
f:\workspace\project\semanticretrieval\training\generatedfiles\release\moc_editorwidget.cpp
f:\workspace\project\semanticretrieval\training\generatedfiles\release\moc_trainingconfig.cpp
f:\workspace\project\semanticretrieval\training\generatedfiles\qrc_training.cpp
f:\workspace\project\semanticretrieval\training\generatedfiles\ui_trainingconfig.h
f:\workspace\project\semanticretrieval\training\generatedfiles\ui_editorwidget.h
f:\workspace\project\semanticretrieval\training\generatedfiles\ui_generalconfig.h
f:\workspace\project\semanticretrieval\training\x64\release\trainwidget.obj
f:\workspace\project\semanticretrieval\training\x64\release\trainingconfig.obj
f:\workspace\project\semanticretrieval\training\x64\release\training.obj
f:\workspace\project\semanticretrieval\training\x64\release\protofileeditor.obj
f:\workspace\project\semanticretrieval\training\x64\release\main.obj
f:\workspace\project\semanticretrieval\training\x64\release\moc_trainwidget.obj
f:\workspace\project\semanticretrieval\training\x64\release\moc_trainingconfig.obj
f:\workspace\project\semanticretrieval\training\x64\release\moc_training.obj
f:\workspace\project\semanticretrieval\training\x64\release\moc_protofileeditor.obj
f:\workspace\project\semanticretrieval\training\x64\release\moc_generalconfig.obj
f:\workspace\project\semanticretrieval\training\x64\release\moc_editorwidget.obj
f:\workspace\project\semanticretrieval\training\x64\release\moc_editorhighlighter.obj
f:\workspace\project\semanticretrieval\training\x64\release\generalconfig.obj
f:\workspace\project\semanticretrieval\training\x64\release\editorwidget.obj
f:\workspace\project\semanticretrieval\training\x64\release\editorhighlighter.obj
f:\workspace\project\semanticretrieval\training\x64\release\qrc_training.obj
f:\workspace\project\semanticretrieval\x64\release\training.lib
f:\workspace\project\semanticretrieval\training\x64\release\training.tlog\custombuild.write.1.tlog
f:\workspace\project\semanticretrieval\training\x64\release\training.tlog\custombuild.read.1.tlog
f:\workspace\project\semanticretrieval\training\x64\release\training.tlog\custombuild.command.1.tlog
f:\workspace\project\semanticretrieval\training\x64\release\training.tlog\cl.read.1.tlog
f:\workspace\project\semanticretrieval\training\x64\release\training.tlog\cl.write.1.tlog
f:\workspace\project\semanticretrieval\training\x64\release\training.tlog\cl.command.1.tlog
f:\workspace\project\semanticretrieval\training\x64\release\training.tlog\lib-link.read.1.tlog
f:\workspace\project\semanticretrieval\training\x64\release\training.tlog\lib-link.write.1.tlog
f:\workspace\project\semanticretrieval\training\x64\release\training.tlog\lib.command.1.tlog
