f:\workspace\project\semanticretrieval\preprocessing\generatedfiles\release\moc_preprocessing.cpp
f:\workspace\project\semanticretrieval\preprocessing\generatedfiles\ui_preprocessing.h
f:\workspace\project\semanticretrieval\preprocessing\generatedfiles\qrc_preprocessing.cpp
f:\workspace\project\semanticretrieval\preprocessing\generatedfiles\qrc_images.cpp
f:\workspace\project\semanticretrieval\preprocessing\x64\release\qrc_preprocessing.obj
f:\workspace\project\semanticretrieval\preprocessing\x64\release\qrc_images.obj
f:\workspace\project\semanticretrieval\preprocessing\x64\release\processlib.obj
f:\workspace\project\semanticretrieval\preprocessing\x64\release\preprocessing.obj
f:\workspace\project\semanticretrieval\preprocessing\x64\release\main.obj
f:\workspace\project\semanticretrieval\preprocessing\x64\release\moc_preprocessing.obj
f:\workspace\project\semanticretrieval\x64\release\preprocessing.lib
f:\workspace\project\semanticretrieval\preprocessing\x64\release\preprocessing.tlog\custombuild.write.1.tlog
f:\workspace\project\semanticretrieval\preprocessing\x64\release\preprocessing.tlog\custombuild.read.1.tlog
f:\workspace\project\semanticretrieval\preprocessing\x64\release\preprocessing.tlog\custombuild.command.1.tlog
f:\workspace\project\semanticretrieval\preprocessing\x64\release\preprocessing.tlog\cl.read.1.tlog
f:\workspace\project\semanticretrieval\preprocessing\x64\release\preprocessing.tlog\cl.write.1.tlog
f:\workspace\project\semanticretrieval\preprocessing\x64\release\preprocessing.tlog\cl.command.1.tlog
f:\workspace\project\semanticretrieval\preprocessing\x64\release\preprocessing.tlog\lib-link.read.1.tlog
f:\workspace\project\semanticretrieval\preprocessing\x64\release\preprocessing.tlog\lib-link.write.1.tlog
f:\workspace\project\semanticretrieval\preprocessing\x64\release\preprocessing.tlog\lib.command.1.tlog
