Build started 2018/7/14 9:22:48.
     1>Project "F:\workspace\project\SemanticRetrieval\LMDBGenerator\LMDBGenerator.vcxproj" on node 3 (Rebuild target(s)).
     1>CustomBuild:
         Moc'ing LMDBGenerator.h...
         Uic'ing LMDBGenerator.ui...
         Rcc'ing LMDBGenerator.qrc...
     1>RCC : warning : No resources in 'F:\workspace\project\SemanticRetrieval\LMDBGenerator\LMDBGenerator.qrc'.
         
       ClCompile:
         D:\Program Files (x86)\Microsoft Visual Studio 14.0\VC\bin\x86_amd64\CL.exe /c /I.\GeneratedFiles /I. /ID:\Qt\Qt5.7.1\5.7\msvc2015_64\include /I.\GeneratedFiles\Debug /ID:\Qt\Qt5.7.1\5.7\msvc2015_64\include\QtCore /ID:\Qt\Qt5.7.1\5.7\msvc2015_64\include\QtGui /ID:\Qt\Qt5.7.1\5.7\msvc2015_64\include\QtWidgets /Zi /nologo /W1 /WX- /Od /D UNICODE /D WIN32 /D QT_DLL /D QT_CORE_LIB /D QT_GUI_LIB /D QT_WIDGETS_LIB /Gm- /EHsc /MDd /GS /fp:precise /Zc:wchar_t /Zc:forScope /Zc:inline /Fo"x64\Debug\\" /Fd"x64\Debug\LMDBGenerator.pdb" /Gd /TP /errorReport:prompt GeneratedFiles\Debug\moc_LMDBGenerator.cpp LMDBGenerator.cpp main.cpp
         moc_LMDBGenerator.cpp
         LMDBGenerator.cpp
         main.cpp
         Generating Code...
         D:\Program Files (x86)\Microsoft Visual Studio 14.0\VC\bin\x86_amd64\CL.exe /c /I.\GeneratedFiles /I. /ID:\Qt\Qt5.7.1\5.7\msvc2015_64\include /I.\GeneratedFiles\Debug /ID:\Qt\Qt5.7.1\5.7\msvc2015_64\include\QtCore /ID:\Qt\Qt5.7.1\5.7\msvc2015_64\include\QtGui /ID:\Qt\Qt5.7.1\5.7\msvc2015_64\include\QtWidgets /Zi /nologo /W1 /WX- /Od /D UNICODE /D WIN32 /D QT_DLL /D QT_CORE_LIB /D QT_GUI_LIB /D QT_WIDGETS_LIB /Gm- /EHsc /MDd /GS /fp:precise /Zc:wchar_t /Zc:forScope /Zc:inline /Fo"x64\Debug\\" /Fd"x64\Debug\LMDBGenerator.pdb" /Gd /TP /errorReport:prompt GeneratedFiles\qrc_LMDBGenerator.cpp
         qrc_LMDBGenerator.cpp
       Lib:
         D:\Program Files (x86)\Microsoft Visual Studio 14.0\VC\bin\x86_amd64\Lib.exe /OUT:"F:\workspace\project\SemanticRetrieval\x64\Debug\LMDBGenerator.lib" /NOLOGO /MACHINE:X64 x64\Debug\moc_LMDBGenerator.obj
         x64\Debug\qrc_LMDBGenerator.obj
         x64\Debug\LMDBGenerator.obj
         x64\Debug\main.obj
         LMDBGenerator.vcxproj -> F:\workspace\project\SemanticRetrieval\x64\Debug\LMDBGenerator.lib
     1>Done Building Project "F:\workspace\project\SemanticRetrieval\LMDBGenerator\LMDBGenerator.vcxproj" (Rebuild target(s)).

Build succeeded.

Time Elapsed 00:00:03.22
