f:\workspace\project\semanticretrieval\common\generatedfiles\release\moc_loggerinterface.cpp
f:\workspace\project\semanticretrieval\common\generatedfiles\release\moc_processlogger.cpp
f:\workspace\project\semanticretrieval\common\generatedfiles\release\moc_processlogging.cpp
f:\workspace\project\semanticretrieval\common\x64\release\processlogging.obj
f:\workspace\project\semanticretrieval\common\x64\release\processlogger.obj
f:\workspace\project\semanticretrieval\common\x64\release\baseshapedata.obj
f:\workspace\project\semanticretrieval\common\x64\release\main.obj
f:\workspace\project\semanticretrieval\common\x64\release\loggerinterface.obj
f:\workspace\project\semanticretrieval\common\x64\release\iconloader.obj
f:\workspace\project\semanticretrieval\common\x64\release\moc_processlogging.obj
f:\workspace\project\semanticretrieval\common\x64\release\moc_processlogger.obj
f:\workspace\project\semanticretrieval\common\x64\release\moc_loggerinterface.obj
f:\workspace\project\semanticretrieval\common\x64\release\exception.obj
f:\workspace\project\semanticretrieval\common\x64\release\commonfunctions.obj
f:\workspace\project\semanticretrieval\common\x64\release\baseshape.obj
f:\workspace\project\semanticretrieval\common\x64\release\appearance.obj
f:\workspace\project\semanticretrieval\x64\release\common.lib
f:\workspace\project\semanticretrieval\common\x64\release\common.tlog\custombuild.write.1.tlog
f:\workspace\project\semanticretrieval\common\x64\release\common.tlog\custombuild.read.1.tlog
f:\workspace\project\semanticretrieval\common\x64\release\common.tlog\custombuild.command.1.tlog
f:\workspace\project\semanticretrieval\common\x64\release\common.tlog\cl.read.1.tlog
f:\workspace\project\semanticretrieval\common\x64\release\common.tlog\cl.write.1.tlog
f:\workspace\project\semanticretrieval\common\x64\release\common.tlog\cl.command.1.tlog
f:\workspace\project\semanticretrieval\common\x64\release\common.tlog\lib-link.read.1.tlog
f:\workspace\project\semanticretrieval\common\x64\release\common.tlog\lib-link.write.1.tlog
f:\workspace\project\semanticretrieval\common\x64\release\common.tlog\lib.command.1.tlog
