f:\workspace\project\semanticretrieval\labelimage\generatedfiles\release\moc_labelimage.cpp
f:\workspace\project\semanticretrieval\labelimage\generatedfiles\release\moc_labeldialog.cpp
f:\workspace\project\semanticretrieval\labelimage\generatedfiles\release\moc_canvas.cpp
f:\workspace\project\semanticretrieval\labelimage\generatedfiles\release\moc_zoomwidget.cpp
f:\workspace\project\semanticretrieval\labelimage\generatedfiles\release\moc_colordialog.cpp
f:\workspace\project\semanticretrieval\labelimage\generatedfiles\qrc_labelimage.cpp
f:\workspace\project\semanticretrieval\labelimage\generatedfiles\ui_labelimage.h
f:\workspace\project\semanticretrieval\labelimage\x64\release\zoomwidget.obj
f:\workspace\project\semanticretrieval\labelimage\x64\release\uimanager.obj
f:\workspace\project\semanticretrieval\labelimage\x64\release\main.obj
f:\workspace\project\semanticretrieval\labelimage\x64\release\lib.obj
f:\workspace\project\semanticretrieval\labelimage\x64\release\labelimage.obj
f:\workspace\project\semanticretrieval\labelimage\x64\release\labelfile.obj
f:\workspace\project\semanticretrieval\labelimage\x64\release\labeldialog.obj
f:\workspace\project\semanticretrieval\labelimage\x64\release\moc_zoomwidget.obj
f:\workspace\project\semanticretrieval\labelimage\x64\release\moc_labelimage.obj
f:\workspace\project\semanticretrieval\labelimage\x64\release\moc_labeldialog.obj
f:\workspace\project\semanticretrieval\labelimage\x64\release\moc_colordialog.obj
f:\workspace\project\semanticretrieval\labelimage\x64\release\moc_canvas.obj
f:\workspace\project\semanticretrieval\labelimage\x64\release\colordialog.obj
f:\workspace\project\semanticretrieval\labelimage\x64\release\canvas.obj
f:\workspace\project\semanticretrieval\labelimage\x64\release\shape.obj
f:\workspace\project\semanticretrieval\labelimage\x64\release\qrc_labelimage.obj
f:\workspace\project\semanticretrieval\labelimage\x64\release\labelimage.res
f:\workspace\project\semanticretrieval\x64\release\labelimage.lib
f:\workspace\project\semanticretrieval\labelimage\x64\release\labelimage.tlog\custombuild.write.1.tlog
f:\workspace\project\semanticretrieval\labelimage\x64\release\labelimage.tlog\custombuild.read.1.tlog
f:\workspace\project\semanticretrieval\labelimage\x64\release\labelimage.tlog\custombuild.command.1.tlog
f:\workspace\project\semanticretrieval\labelimage\x64\release\labelimage.tlog\cl.read.1.tlog
f:\workspace\project\semanticretrieval\labelimage\x64\release\labelimage.tlog\cl.write.1.tlog
f:\workspace\project\semanticretrieval\labelimage\x64\release\labelimage.tlog\cl.command.1.tlog
f:\workspace\project\semanticretrieval\labelimage\x64\release\labelimage.tlog\rc.read.1.tlog
f:\workspace\project\semanticretrieval\labelimage\x64\release\labelimage.tlog\rc.write.1.tlog
f:\workspace\project\semanticretrieval\labelimage\x64\release\labelimage.tlog\rc.command.1.tlog
f:\workspace\project\semanticretrieval\labelimage\x64\release\labelimage.tlog\lib-link-cvtres.read.1.tlog
f:\workspace\project\semanticretrieval\labelimage\x64\release\labelimage.tlog\lib-link-cvtres.write.1.tlog
f:\workspace\project\semanticretrieval\labelimage\x64\release\labelimage.tlog\lib.command.1.tlog
