f:\workspace\project\semanticretrieval\mainwindow\generatedfiles\ui_mainwindow.h
f:\workspace\project\semanticretrieval\mainwindow\generatedfiles\release\moc_mainwindow.cpp
f:\workspace\project\semanticretrieval\mainwindow\generatedfiles\release\moc_statusbar.cpp
f:\workspace\project\semanticretrieval\mainwindow\generatedfiles\qrc_mainwindow.cpp
f:\workspace\project\semanticretrieval\mainwindow\x64\release\qrc_mainwindow.obj
f:\workspace\project\semanticretrieval\mainwindow\x64\release\statusbar.obj
f:\workspace\project\semanticretrieval\mainwindow\x64\release\mainwindow.obj
f:\workspace\project\semanticretrieval\mainwindow\x64\release\main.obj
f:\workspace\project\semanticretrieval\mainwindow\x64\release\moc_statusbar.obj
f:\workspace\project\semanticretrieval\mainwindow\x64\release\moc_mainwindow.obj
f:\workspace\project\semanticretrieval\x64\release\mainwindow.lib
f:\workspace\project\semanticretrieval\x64\release\mainwindow.exp
f:\workspace\project\semanticretrieval\x64\release\mainwindow.exe
f:\workspace\project\semanticretrieval\mainwindow\x64\release\mainwindow.tlog\custombuild.write.1.tlog
f:\workspace\project\semanticretrieval\mainwindow\x64\release\mainwindow.tlog\custombuild.read.1.tlog
f:\workspace\project\semanticretrieval\mainwindow\x64\release\mainwindow.tlog\custombuild.command.1.tlog
f:\workspace\project\semanticretrieval\mainwindow\x64\release\mainwindow.tlog\cl.read.1.tlog
f:\workspace\project\semanticretrieval\mainwindow\x64\release\mainwindow.tlog\cl.write.1.tlog
f:\workspace\project\semanticretrieval\mainwindow\x64\release\mainwindow.tlog\cl.command.1.tlog
f:\workspace\project\semanticretrieval\mainwindow\x64\release\mainwindow.tlog\link.command.1.tlog
f:\workspace\project\semanticretrieval\mainwindow\x64\release\mainwindow.tlog\mainwindow.write.1u.tlog
f:\workspace\project\semanticretrieval\mainwindow\x64\release\mainwindow.tlog\link.read.1.tlog
f:\workspace\project\semanticretrieval\mainwindow\x64\release\mainwindow.tlog\link.write.1.tlog
