f:\workspace\project\semanticretrieval\filehelper\generatedfiles\release\moc_filehelper.cpp
f:\workspace\project\semanticretrieval\filehelper\generatedfiles\ui_filehelper.h
f:\workspace\project\semanticretrieval\filehelper\generatedfiles\release\moc_thread.cpp
f:\workspace\project\semanticretrieval\filehelper\generatedfiles\release\moc_qmessageboxcomponent.cpp
f:\workspace\project\semanticretrieval\filehelper\generatedfiles\release\moc_progressbar.cpp
f:\workspace\project\semanticretrieval\filehelper\generatedfiles\release\moc_markedthread.cpp
f:\workspace\project\semanticretrieval\filehelper\generatedfiles\release\moc_imagelabel.cpp
f:\workspace\project\semanticretrieval\filehelper\generatedfiles\release\moc_copywithwatcher.cpp
f:\workspace\project\semanticretrieval\filehelper\generatedfiles\release\moc_filebrowser.cpp
f:\workspace\project\semanticretrieval\filehelper\generatedfiles\release\moc_filelist.cpp
f:\workspace\project\semanticretrieval\filehelper\generatedfiles\qrc_filehelper.cpp
f:\workspace\project\semanticretrieval\filehelper\generatedfiles\ui_filelist.h
f:\workspace\project\semanticretrieval\filehelper\generatedfiles\ui_filebrowser.h
f:\workspace\project\semanticretrieval\filehelper\generatedfiles\ui_progressbar.h
f:\workspace\project\semanticretrieval\filehelper\generatedfiles\ui_qmessageboxcomponent.h
f:\workspace\project\semanticretrieval\filehelper\x64\release\qmessageboxcomponent.obj
f:\workspace\project\semanticretrieval\filehelper\x64\release\progressbar.obj
f:\workspace\project\semanticretrieval\filehelper\x64\release\markedthread.obj
f:\workspace\project\semanticretrieval\filehelper\x64\release\main.obj
f:\workspace\project\semanticretrieval\filehelper\x64\release\imagelabel.obj
f:\workspace\project\semanticretrieval\filehelper\x64\release\moc_thread.obj
f:\workspace\project\semanticretrieval\filehelper\x64\release\moc_qmessageboxcomponent.obj
f:\workspace\project\semanticretrieval\filehelper\x64\release\moc_progressbar.obj
f:\workspace\project\semanticretrieval\filehelper\x64\release\moc_markedthread.obj
f:\workspace\project\semanticretrieval\filehelper\x64\release\moc_imagelabel.obj
f:\workspace\project\semanticretrieval\filehelper\x64\release\moc_filelist.obj
f:\workspace\project\semanticretrieval\filehelper\x64\release\moc_filehelper.obj
f:\workspace\project\semanticretrieval\filehelper\x64\release\moc_filebrowser.obj
f:\workspace\project\semanticretrieval\filehelper\x64\release\moc_copywithwatcher.obj
f:\workspace\project\semanticretrieval\filehelper\x64\release\filesystemmodel.obj
f:\workspace\project\semanticretrieval\filehelper\x64\release\filelist.obj
f:\workspace\project\semanticretrieval\filehelper\x64\release\filehelper.obj
f:\workspace\project\semanticretrieval\filehelper\x64\release\filebrowser.obj
f:\workspace\project\semanticretrieval\filehelper\x64\release\copywithwatcher.obj
f:\workspace\project\semanticretrieval\filehelper\x64\release\commonfunctions.obj
f:\workspace\project\semanticretrieval\filehelper\x64\release\thread.obj
f:\workspace\project\semanticretrieval\filehelper\x64\release\qrc_filehelper.obj
f:\workspace\project\semanticretrieval\x64\release\filehelper.lib
f:\workspace\project\semanticretrieval\filehelper\x64\release\filehelper.tlog\custombuild.write.1.tlog
f:\workspace\project\semanticretrieval\filehelper\x64\release\filehelper.tlog\custombuild.read.1.tlog
f:\workspace\project\semanticretrieval\filehelper\x64\release\filehelper.tlog\custombuild.command.1.tlog
f:\workspace\project\semanticretrieval\filehelper\x64\release\filehelper.tlog\cl.read.1.tlog
f:\workspace\project\semanticretrieval\filehelper\x64\release\filehelper.tlog\cl.write.1.tlog
f:\workspace\project\semanticretrieval\filehelper\x64\release\filehelper.tlog\cl.command.1.tlog
f:\workspace\project\semanticretrieval\filehelper\x64\release\filehelper.tlog\lib-link.read.1.tlog
f:\workspace\project\semanticretrieval\filehelper\x64\release\filehelper.tlog\lib-link.write.1.tlog
f:\workspace\project\semanticretrieval\filehelper\x64\release\filehelper.tlog\lib.command.1.tlog
